-------------------------------------------------------------------------------
Test set: TestSuite
-------------------------------------------------------------------------------
Tests run: 1, Failures: 1, Errors: 0, Skipped: 0, Time elapsed: 14.65 sec <<< FAILURE! - in TestSuite
LoginTest(pom.wellbe.testcases.TC_logIn0001)  Time elapsed: 8.762 sec  <<< FAILURE!
java.lang.NullPointerException: Cannot invoke "org.openqa.selenium.WebElement.click()" because "this.SendEmail" is null
	at pom.wellbe.pageobject.LogInpage.signin(LogInpage.java:22)
	at pom.wellbe.testcases.TC_logIn0001.LoginTest(TC_logIn0001.java:14)

